<?xml version="1.0" encoding="UTF-8"?>
<!-- Generated by org.testng.reporters.JUnitXMLReporter -->
<testsuite ignored="0" hostname="DESKTOP-6B0KB3N" failures="1" tests="1" name="ExcelDrivenTest" time="26.985" errors="0" timestamp="2025-02-24T16:55:36 IST">
  <testcase classname="classes.TestExecutor1" name="executeTestSteps" time="5.999">
    <failure type="java.lang.IllegalArgumentException" message="ScreenCapture path must not be null or empty">
      <![CDATA[java.lang.IllegalArgumentException: ScreenCapture path must not be null or empty
at com.aventstack.extentreports.util.Assert.notEmpty(Assert.java:12)
at com.aventstack.extentreports.ExtentTest.addScreenCaptureFromPath(ExtentTest.java:1074)
at com.aventstack.extentreports.ExtentTest.addScreenCaptureFromPath(ExtentTest.java:1082)
at classes.TestExecutor1.executeTestSteps(TestExecutor1.java:73)
at java.base/java.util.ArrayList.forEach(ArrayList.java:1511)
... Removed 27 stack frames]]>
    </failure>
  </testcase> <!-- executeTestSteps -->
</testsuite> <!-- ExcelDrivenTest -->
