<?xml version="1.0" encoding="UTF-8"?>
<testng-results ignored="0" total="1" passed="1" failed="0" skipped="0">
  <reporter-output>
  </reporter-output>
  <suite started-at="2025-03-04T12:45:22 IST" name="SeleniumTestSuite" finished-at="2025-03-04T12:46:20 IST" duration-ms="58243">
    <groups>
    </groups>
    <test started-at="2025-03-04T12:45:22 IST" name="ExcelDrivenTest" finished-at="2025-03-04T12:46:20 IST" duration-ms="58243">
      <class name="classes.TestExecutor1">
        <test-method is-config="true" signature="setUp()[pri:0, instance:classes.TestExecutor1@16a0ee18]" started-at="2025-03-04T12:45:22 IST" name="setUp" finished-at="2025-03-04T12:45:30 IST" duration-ms="8438" status="PASS">
          <reporter-output>
          </reporter-output>
        </test-method> <!-- setUp -->
        <test-method signature="executeTestSteps()[pri:0, instance:classes.TestExecutor1@16a0ee18]" started-at="2025-03-04T12:45:30 IST" name="executeTestSteps" finished-at="2025-03-04T12:46:09 IST" duration-ms="39255" status="PASS">
          <reporter-output>
          </reporter-output>
        </test-method> <!-- executeTestSteps -->
        <test-method is-config="true" signature="tearDown()[pri:0, instance:classes.TestExecutor1@16a0ee18]" started-at="2025-03-04T12:46:09 IST" name="tearDown" finished-at="2025-03-04T12:46:20 IST" duration-ms="10412" status="PASS">
          <reporter-output>
          </reporter-output>
        </test-method> <!-- tearDown -->
      </class> <!-- classes.TestExecutor1 -->
    </test> <!-- ExcelDrivenTest -->
  </suite> <!-- SeleniumTestSuite -->
</testng-results>
